<?xml version="1.0" encoding="UTF-8" standalone="no"?>
<state-data device="arduino-1" system="aquaponics" timestamp="1300706135293"><state key="temp" value="62"/><state key="oxygen" value="1.8"/><state key="ph" value="8.5"/></state-data>