<?xml version="1.0" encoding="UTF-8" standalone="no"?>
<state-data system="AQUAPONICS" timestamp="1297446335">
  <state key="CIRCULATION" value="25.0"/>
  <state key="DEAD_FISH" value="25"/>
  <state key="ELECTRICAL_CONDUCTIVITY" value="25.0"/>
  <state key="TEMPERATURE" value="25"/>
  <state key="TURBIDITY" value="25.0"/>
  <state key="WATER_LEVEL" value="25"/>
  <state key="PH" value="4.5"/>
  <state key="OXYGEN" value="7.0"/>
</state-data>