<?xml version="1.0" encoding="UTF-8" ?>
<state-history>
  <state-data system="AQUAPONICS" device="arduino-1" timestamp="1297446335">
    <state key="CIRCULATION" value="25.0"/>
    <state key="DEAD_FISH" value="25"/>
    <state key="ELECTRICAL_CONDUCTIVITY" value="25.0"/>
    <state key="TEMPERATURE" value="25"/>
    <state key="TURBIDITY" value="25.0"/>
    <state key="WATER_LEVEL" value="25"/>
    <state key="PH" value="4.5"/>
    <state key="OXYGEN" value="7.0"/>
  </state-data>
  <state-data system="LIGHTING" device="arduino-5" timestamp="1297446335">
    <state key="LIGHTING_LEVEL" value="20"/>
    <state key="LIGHTING_ENABLED" value="true"/>
    <state key="LIGHTING_COLOR" value="#FF0000"/>
  </state-data>
  <state-data system="LIGHTING" device="arduino-6" timestamp="1297446335">
    <state key="LIGHTING_LEVEL" value="20"/>
    <state key="LIGHTING_ENABLED" value="true"/>
    <state key="LIGHTING_COLOR" value="#FF0000"/>
  </state-data>
  <state-data system="LIGHTING" device="arduino-7" timestamp="1297446335">
    <state key="LIGHTING_LEVEL" value="20"/>
    <state key="LIGHTING_ENABLED" value="true"/>
    <state key="LIGHTING_COLOR" value="#FF0000"/>
  </state-data>
  <state-data system="LIGHTING" device="arduino-8" timestamp="1297446335">
    <state key="LIGHTING_LEVEL" value="20"/>
    <state key="LIGHTING_ENABLED" value="true"/>
    <state key="LIGHTING_COLOR" value="#FF0000"/>
  </state-data>
</state-history>
